Arguments: 
  /home/ivan/.nvm/versions/node/v16.14.0/bin/node /usr/share/yarn/bin/yarn.js install

PATH: 
  /home/ivan/.nvm/versions/node/v16.14.0/bin:/usr/local/sbin:/usr/local/bin:/usr/sbin:/usr/bin:/sbin:/bin:/usr/games:/usr/local/games:/snap/bin:/snap/bin

Yarn version: 
  1.22.19

Node version: 
  16.14.0

Platform: 
  linux x64

Trace: 
  SyntaxError: /home/ivan/incubator-poj/registration/package.json: Unexpected token } in JSON at position 218
      at JSON.parse (<anonymous>)
      at /usr/share/yarn/lib/cli.js:1629:59
      at Generator.next (<anonymous>)
      at step (/usr/share/yarn/lib/cli.js:310:30)
      at /usr/share/yarn/lib/cli.js:321:13

npm manifest: 
  {
    "name": "01",
    "version": "1.0.0",
    "main": "index.js",
    "license": "MIT",
    "dependencies": {
      "body-parser": "^1.19.2",
      "cors": "^2.8.5",
      "express": "^4.17.3",
      "express-validator": "^6.14.0",
    },
    "scripts": {
      "dev": "nodemon --inspect dist/index.js",
      "watch": "tsc -w",
      "build": "tsc"
    },
    "devDependencies": {
      "@types/cors": "^2.8.12",
      "@types/express": "^4.17.13",
      "@types/node": "^17.0.23",
      "nodemon": "^2.0.15",
      "ts-node": "^10.7.0",
      "typescript": "^4.6.3"
    }
  }

yarn manifest: 
  No manifest

Lockfile: 
  No lockfile
